<?xml version="1.0" encoding="UTF-8"?>
<!-- Generated by org.testng.reporters.JUnitReportReporter -->
<testsuite skipped="0" hostname="evs01cpb424" name="testcases.HybridExecuteTest" tests="12" failures="0" timestamp="1 Jun 2017 05:41:40 GMT" time="15.042" errors="0">
  <testcase name="testlogin" time="2.029" classname="testcases.HybridExecuteTest"/>
  <testcase name="testlogin" time="0.008" classname="testcases.HybridExecuteTest"/>
  <testcase name="testlogin" time="0.407" classname="testcases.HybridExecuteTest"/>
  <testcase name="testlogin" time="1.923" classname="testcases.HybridExecuteTest"/>
  <testcase name="testlogin" time="0.043" classname="testcases.HybridExecuteTest"/>
  <testcase name="testlogin" time="1.656" classname="testcases.HybridExecuteTest"/>
  <testcase name="testlogin" time="0.340" classname="testcases.HybridExecuteTest"/>
  <testcase name="testlogin" time="0.071" classname="testcases.HybridExecuteTest"/>
  <testcase name="testlogin" time="3.764" classname="testcases.HybridExecuteTest"/>
  <testcase name="testlogin" time="0.075" classname="testcases.HybridExecuteTest"/>
  <testcase name="testlogin" time="0.047" classname="testcases.HybridExecuteTest"/>
  <testcase name="testlogin" time="4.679" classname="testcases.HybridExecuteTest"/>
</testsuite> <!-- testcases.HybridExecuteTest -->
