<?xml version="1.0" encoding="UTF-8"?>
<!-- Generated by org.testng.reporters.JUnitReportReporter -->
<testsuite skipped="0" hostname="EVS01CPB237" name="testcases.HybridExecuteTest" tests="36" failures="0" timestamp="09 Jun 2017 12:19:46 GMT" time="60.932" errors="0">
  <testcase name="testlogin" time="2.044" classname="testcases.HybridExecuteTest"/>
  <testcase name="testlogin" time="0.000" classname="testcases.HybridExecuteTest"/>
  <testcase name="testlogin" time="3.011" classname="testcases.HybridExecuteTest"/>
  <testcase name="testlogin" time="0.088" classname="testcases.HybridExecuteTest"/>
  <testcase name="testlogin" time="0.046" classname="testcases.HybridExecuteTest"/>
  <testcase name="testlogin" time="2.000" classname="testcases.HybridExecuteTest"/>
  <testcase name="testlogin" time="0.051" classname="testcases.HybridExecuteTest"/>
  <testcase name="testlogin" time="2.013" classname="testcases.HybridExecuteTest"/>
  <testcase name="testlogin" time="0.069" classname="testcases.HybridExecuteTest"/>
  <testcase name="testlogin" time="3.001" classname="testcases.HybridExecuteTest"/>
  <testcase name="testlogin" time="0.000" classname="testcases.HybridExecuteTest"/>
  <testcase name="testlogin" time="0.869" classname="testcases.HybridExecuteTest"/>
  <testcase name="testlogin" time="3.002" classname="testcases.HybridExecuteTest"/>
  <testcase name="testlogin" time="0.033" classname="testcases.HybridExecuteTest"/>
  <testcase name="testlogin" time="0.039" classname="testcases.HybridExecuteTest"/>
  <testcase name="testlogin" time="0.090" classname="testcases.HybridExecuteTest"/>
  <testcase name="testlogin" time="2.013" classname="testcases.HybridExecuteTest"/>
  <testcase name="testlogin" time="3.010" classname="testcases.HybridExecuteTest"/>
  <testcase name="testlogin" time="0.078" classname="testcases.HybridExecuteTest"/>
  <testcase name="testlogin" time="0.000" classname="testcases.HybridExecuteTest"/>
  <testcase name="testlogin" time="2.012" classname="testcases.HybridExecuteTest"/>
  <testcase name="testlogin" time="0.062" classname="testcases.HybridExecuteTest"/>
  <testcase name="testlogin" time="0.000" classname="testcases.HybridExecuteTest"/>
  <testcase name="testlogin" time="6.004" classname="testcases.HybridExecuteTest"/>
  <testcase name="testlogin" time="0.032" classname="testcases.HybridExecuteTest"/>
  <testcase name="testlogin" time="0.090" classname="testcases.HybridExecuteTest"/>
  <testcase name="testlogin" time="0.000" classname="testcases.HybridExecuteTest"/>
  <testcase name="testlogin" time="0.224" classname="testcases.HybridExecuteTest"/>
  <testcase name="testlogin" time="3.011" classname="testcases.HybridExecuteTest"/>
  <testcase name="testlogin" time="5.552" classname="testcases.HybridExecuteTest"/>
  <testcase name="testlogin" time="0.040" classname="testcases.HybridExecuteTest"/>
  <testcase name="testlogin" time="8.002" classname="testcases.HybridExecuteTest"/>
  <testcase name="testlogin" time="2.013" classname="testcases.HybridExecuteTest"/>
  <testcase name="testlogin" time="4.074" classname="testcases.HybridExecuteTest"/>
  <testcase name="testlogin" time="0.983" classname="testcases.HybridExecuteTest"/>
  <testcase name="testlogin" time="7.376" classname="testcases.HybridExecuteTest"/>
</testsuite> <!-- testcases.HybridExecuteTest -->
