<?xml version="1.0" encoding="UTF-8"?>
<!-- Generated by org.testng.reporters.JUnitReportReporter -->
<testsuite skipped="0" hostname="EVS01CPB237" name="testcases.HybridExecuteTest" tests="14" failures="0" timestamp="07 Jun 2017 11:57:05 GMT" time="24.684" errors="0">
  <testcase name="testlogin" time="0.041" classname="testcases.HybridExecuteTest"/>
  <testcase name="testlogin" time="0.079" classname="testcases.HybridExecuteTest"/>
  <testcase name="testlogin" time="0.808" classname="testcases.HybridExecuteTest"/>
  <testcase name="testlogin" time="7.382" classname="testcases.HybridExecuteTest"/>
  <testcase name="testlogin" time="0.078" classname="testcases.HybridExecuteTest"/>
  <testcase name="testlogin" time="0.808" classname="testcases.HybridExecuteTest"/>
  <testcase name="testlogin" time="0.065" classname="testcases.HybridExecuteTest"/>
  <testcase name="testlogin" time="0.313" classname="testcases.HybridExecuteTest"/>
  <testcase name="testlogin" time="1.284" classname="testcases.HybridExecuteTest"/>
  <testcase name="testlogin" time="0.045" classname="testcases.HybridExecuteTest"/>
  <testcase name="testlogin" time="3.001" classname="testcases.HybridExecuteTest"/>
  <testcase name="testlogin" time="6.369" classname="testcases.HybridExecuteTest"/>
  <testcase name="testlogin" time="4.333" classname="testcases.HybridExecuteTest"/>
  <testcase name="testlogin" time="0.078" classname="testcases.HybridExecuteTest"/>
</testsuite> <!-- testcases.HybridExecuteTest -->
