<?xml version="1.0" encoding="UTF-8"?>
<!-- Generated by org.testng.reporters.JUnitReportReporter -->
<testsuite skipped="27" hostname="evs01cpb424" name="testcases.HybridExecuteTest" tests="54" failures="0" timestamp="8 Jun 2017 07:04:59 GMT" time="24.856" errors="0">
  <testcase name="testlogin" time="0.000" classname="testcases.HybridExecuteTest">
    <skipped/>
  </testcase> <!-- testlogin -->
  <testcase name="testlogin" time="1.001" classname="testcases.HybridExecuteTest"/>
  <testcase name="testlogin" time="0.002" classname="testcases.HybridExecuteTest">
    <skipped/>
  </testcase> <!-- testlogin -->
  <testcase name="testlogin" time="0.000" classname="testcases.HybridExecuteTest">
    <skipped/>
  </testcase> <!-- testlogin -->
  <testcase name="testlogin" time="0.093" classname="testcases.HybridExecuteTest"/>
  <testcase name="testlogin" time="0.001" classname="testcases.HybridExecuteTest">
    <skipped/>
  </testcase> <!-- testlogin -->
  <testcase name="testlogin" time="0.061" classname="testcases.HybridExecuteTest"/>
  <testcase name="testlogin" time="0.005" classname="testcases.HybridExecuteTest">
    <skipped/>
  </testcase> <!-- testlogin -->
  <testcase name="testlogin" time="0.007" classname="testcases.HybridExecuteTest"/>
  <testcase name="testlogin" time="0.000" classname="testcases.HybridExecuteTest">
    <skipped/>
  </testcase> <!-- testlogin -->
  <testcase name="testlogin" time="0.000" classname="testcases.HybridExecuteTest">
    <skipped/>
  </testcase> <!-- testlogin -->
  <testcase name="testlogin" time="0.000" classname="testcases.HybridExecuteTest">
    <skipped/>
  </testcase> <!-- testlogin -->
  <testcase name="testlogin" time="2.001" classname="testcases.HybridExecuteTest"/>
  <testcase name="testlogin" time="0.001" classname="testcases.HybridExecuteTest">
    <skipped/>
  </testcase> <!-- testlogin -->
  <testcase name="testlogin" time="2.000" classname="testcases.HybridExecuteTest"/>
  <testcase name="testlogin" time="0.042" classname="testcases.HybridExecuteTest"/>
  <testcase name="testlogin" time="0.000" classname="testcases.HybridExecuteTest">
    <skipped/>
  </testcase> <!-- testlogin -->
  <testcase name="testlogin" time="0.000" classname="testcases.HybridExecuteTest">
    <skipped/>
  </testcase> <!-- testlogin -->
  <testcase name="testlogin" time="0.067" classname="testcases.HybridExecuteTest"/>
  <testcase name="testlogin" time="0.001" classname="testcases.HybridExecuteTest">
    <skipped/>
  </testcase> <!-- testlogin -->
  <testcase name="testlogin" time="0.002" classname="testcases.HybridExecuteTest">
    <skipped/>
  </testcase> <!-- testlogin -->
  <testcase name="testlogin" time="0.001" classname="testcases.HybridExecuteTest">
    <skipped/>
  </testcase> <!-- testlogin -->
  <testcase name="testlogin" time="0.127" classname="testcases.HybridExecuteTest"/>
  <testcase name="testlogin" time="0.000" classname="testcases.HybridExecuteTest">
    <skipped/>
  </testcase> <!-- testlogin -->
  <testcase name="testlogin" time="0.037" classname="testcases.HybridExecuteTest"/>
  <testcase name="testlogin" time="0.001" classname="testcases.HybridExecuteTest">
    <skipped/>
  </testcase> <!-- testlogin -->
  <testcase name="testlogin" time="0.000" classname="testcases.HybridExecuteTest">
    <skipped/>
  </testcase> <!-- testlogin -->
  <testcase name="testlogin" time="1.001" classname="testcases.HybridExecuteTest"/>
  <testcase name="testlogin" time="0.028" classname="testcases.HybridExecuteTest"/>
  <testcase name="testlogin" time="0.078" classname="testcases.HybridExecuteTest"/>
  <testcase name="testlogin" time="0.000" classname="testcases.HybridExecuteTest">
    <skipped/>
  </testcase> <!-- testlogin -->
  <testcase name="testlogin" time="0.000" classname="testcases.HybridExecuteTest">
    <skipped/>
  </testcase> <!-- testlogin -->
  <testcase name="testlogin" time="3.001" classname="testcases.HybridExecuteTest"/>
  <testcase name="testlogin" time="1.423" classname="testcases.HybridExecuteTest"/>
  <testcase name="testlogin" time="0.099" classname="testcases.HybridExecuteTest"/>
  <testcase name="testlogin" time="0.001" classname="testcases.HybridExecuteTest">
    <skipped/>
  </testcase> <!-- testlogin -->
  <testcase name="testlogin" time="0.000" classname="testcases.HybridExecuteTest">
    <skipped/>
  </testcase> <!-- testlogin -->
  <testcase name="testlogin" time="0.001" classname="testcases.HybridExecuteTest">
    <skipped/>
  </testcase> <!-- testlogin -->
  <testcase name="testlogin" time="4.230" classname="testcases.HybridExecuteTest"/>
  <testcase name="testlogin" time="2.001" classname="testcases.HybridExecuteTest"/>
  <testcase name="testlogin" time="0.072" classname="testcases.HybridExecuteTest"/>
  <testcase name="testlogin" time="0.001" classname="testcases.HybridExecuteTest">
    <skipped/>
  </testcase> <!-- testlogin -->
  <testcase name="testlogin" time="2.001" classname="testcases.HybridExecuteTest"/>
  <testcase name="testlogin" time="0.070" classname="testcases.HybridExecuteTest"/>
  <testcase name="testlogin" time="0.398" classname="testcases.HybridExecuteTest"/>
  <testcase name="testlogin" time="0.000" classname="testcases.HybridExecuteTest">
    <skipped/>
  </testcase> <!-- testlogin -->
  <testcase name="testlogin" time="1.001" classname="testcases.HybridExecuteTest"/>
  <testcase name="testlogin" time="0.006" classname="testcases.HybridExecuteTest"/>
  <testcase name="testlogin" time="0.000" classname="testcases.HybridExecuteTest">
    <skipped/>
  </testcase> <!-- testlogin -->
  <testcase name="testlogin" time="0.000" classname="testcases.HybridExecuteTest"/>
  <testcase name="testlogin" time="0.001" classname="testcases.HybridExecuteTest">
    <skipped/>
  </testcase> <!-- testlogin -->
  <testcase name="testlogin" time="2.001" classname="testcases.HybridExecuteTest"/>
  <testcase name="testlogin" time="1.992" classname="testcases.HybridExecuteTest"/>
  <testcase name="testlogin" time="0.000" classname="testcases.HybridExecuteTest">
    <skipped/>
  </testcase> <!-- testlogin -->
</testsuite> <!-- testcases.HybridExecuteTest -->
